<?xml version="1.0" encoding="UTF-8" ?>
<testsuite tests="4" failures="0" name="ru.littlebigbro.RegExHandlerTest" time="0.001" errors="0" skipped="0">
  <properties>
[...]
</properties>
  <testcase classname="ru.littlebigbro.RegExHandlerTest" name="errorMessageFileIsEmptyTest" time="0"/>
  <testcase classname="ru.littlebigbro.RegExHandlerTest" name="getDoneIsFalseTest" time="0"/>
  <testcase classname="ru.littlebigbro.RegExHandlerTest" name="getDoneIsTrueTest" time="0"/>
  <testcase classname="ru.littlebigbro.RegExHandlerTest" name="errorMessageSearchStringNotFoundTest" time="0.001"/>
</testsuite>